<?xml version="1.0" encoding="UTF-8"?>
<!-- Generated by org.testng.reporters.JUnitXMLReporter -->
<testsuite ignored="0" hostname="DESKTOP-1KAEUVT" failures="0" tests="7" name="AddEmployeetest" time="4.728" errors="0" timestamp="2023-12-09T11:02:43 IST">
  <testcase classname="com.OrangeHRMApplicationTesting.BaseTest" name="@BeforeTest setUp" time="4.643">
    <failure type="org.openqa.selenium.NoSuchSessionException" message="invalid session id
Build info: version: &amp;apos;3.141.59&amp;apos;, revision: &amp;apos;e82be7d358&amp;apos;, time: &amp;apos;2018-11-14T08:25:53&amp;apos;
System info: host: &amp;apos;DESKTOP-1KAEUVT&amp;apos;, ip: &amp;apos;192.168.0.107&amp;apos;, os.name: &amp;apos;Windows 10&amp;apos;, os.arch: &amp;apos;amd64&amp;apos;, os.version: &amp;apos;10.0&amp;apos;, java.version: &amp;apos;15.0.1&amp;apos;
Driver info: org.openqa.selenium.chrome.ChromeDriver
Capabilities {acceptInsecureCerts: false, browserName: chrome, browserVersion: 120.0.6099.71, chrome: {chromedriverVersion: 119.0.6045.159 (eaa767197fa..., userDataDir: C:\Users\dell\AppData\Local...}, fedcm:accounts: true, goog:chromeOptions: {debuggerAddress: localhost:56092}, javascriptEnabled: true, networkConnectionEnabled: false, pageLoadStrategy: normal, platform: WINDOWS, platformName: WINDOWS, proxy: Proxy(), setWindowRect: true, strictFileInteractability: false, timeouts: {implicit: 0, pageLoad: 300000, script: 30000}, unhandledPromptBehavior: dismiss and notify, webauthn:extension:credBlob: true, webauthn:extension:largeBlob: true, webauthn:extension:minPinLength: true, webauthn:extension:prf: true, webauthn:virtualAuthenticators: true}
Session ID: 23477115eeb2e1259e95d98e42bcb46b">
      <![CDATA[org.openqa.selenium.NoSuchSessionException: invalid session id
Build info: version: '3.141.59', revision: 'e82be7d358', time: '2018-11-14T08:25:53'
System info: host: 'DESKTOP-1KAEUVT', ip: '192.168.0.107', os.name: 'Windows 10', os.arch: 'amd64', os.version: '10.0', java.version: '15.0.1'
Driver info: org.openqa.selenium.chrome.ChromeDriver
Capabilities {acceptInsecureCerts: false, browserName: chrome, browserVersion: 120.0.6099.71, chrome: {chromedriverVersion: 119.0.6045.159 (eaa767197fa..., userDataDir: C:\Users\dell\AppData\Local...}, fedcm:accounts: true, goog:chromeOptions: {debuggerAddress: localhost:56092}, javascriptEnabled: true, networkConnectionEnabled: false, pageLoadStrategy: normal, platform: WINDOWS, platformName: WINDOWS, proxy: Proxy(), setWindowRect: true, strictFileInteractability: false, timeouts: {implicit: 0, pageLoad: 300000, script: 30000}, unhandledPromptBehavior: dismiss and notify, webauthn:extension:credBlob: true, webauthn:extension:largeBlob: true, webauthn:extension:minPinLength: true, webauthn:extension:prf: true, webauthn:virtualAuthenticators: true}
Session ID: 23477115eeb2e1259e95d98e42bcb46b
at org.openqa.selenium.remote.http.W3CHttpResponseCodec.createException(W3CHttpResponseCodec.java:187)
at org.openqa.selenium.remote.http.W3CHttpResponseCodec.decode(W3CHttpResponseCodec.java:122)
at org.openqa.selenium.remote.http.W3CHttpResponseCodec.decode(W3CHttpResponseCodec.java:49)
at org.openqa.selenium.remote.HttpCommandExecutor.execute(HttpCommandExecutor.java:158)
at org.openqa.selenium.remote.service.DriverCommandExecutor.execute(DriverCommandExecutor.java:83)
at org.openqa.selenium.remote.RemoteWebDriver.execute(RemoteWebDriver.java:552)
at org.openqa.selenium.remote.RemoteWebDriver.execute(RemoteWebDriver.java:609)
at org.openqa.selenium.remote.RemoteWebDriver$RemoteWebDriverOptions$RemoteWindow.maximize(RemoteWebDriver.java:837)
at com.OrangeHRMApplicationTesting.BaseTest.setUp(BaseTest.java:21)
at java.base/java.util.concurrent.FutureTask.run(FutureTask.java:264)
at java.base/java.util.concurrent.ThreadPoolExecutor.runWorker(ThreadPoolExecutor.java:1130)
at java.base/java.util.concurrent.ThreadPoolExecutor$Worker.run(ThreadPoolExecutor.java:630)
at java.base/java.lang.Thread.run(Thread.java:832)
... Removed 20 stack frames]]>
    </failure>
  </testcase> <!-- @BeforeTest setUp -->
  <testcase classname="com.OrangeHRMApplicationTesting.BaseTest" name="@AfterTest tearDown" time="-1.702099963673E9">
    <skipped/>
  </testcase> <!-- @AfterTest tearDown -->
  <testcase classname="com.OrangeHRMApplicationTesting.OrangeHRMApplication_LogInTest" name="orangeHRMApplication_LogInTest" time="0.0">
    <skipped/>
  </testcase> <!-- orangeHRMApplication_LogInTest -->
  <testcase classname="com.OrangeHRMApplicationTesting.OrangeHRMApplication_LogInTest" name="validatingHomePage" time="0.0">
    <skipped/>
  </testcase> <!-- validatingHomePage -->
  <testcase classname="com.OrangeHRMApplicationTesting.OrangeHRMApplication_AddEmployeeTest" name="pimTest" time="0.0">
    <skipped/>
  </testcase> <!-- pimTest -->
  <testcase classname="com.OrangeHRMApplicationTesting.OrangeHRMApplication_AddEmployeeTest" name="addEmployeeTest" time="0.0">
    <skipped/>
  </testcase> <!-- addEmployeeTest -->
  <testcase classname="com.OrangeHRMApplicationTesting.OrangeHRMApplication_AddEmployeeTest" name="addNewEmployeeTest" time="0.0">
    <skipped/>
  </testcase> <!-- addNewEmployeeTest -->
  <testcase classname="com.OrangeHRMApplicationTesting.OrangeHRMApplication_AddEmployeeTest" name="welComeAdminTest" time="0.0">
    <skipped/>
  </testcase> <!-- welComeAdminTest -->
  <testcase classname="com.OrangeHRMApplicationTesting.OrangeHRMApplication_AddEmployeeTest" name="logOutTest" time="0.0">
    <skipped/>
  </testcase> <!-- logOutTest -->
</testsuite> <!-- AddEmployeetest -->
